Determining if the pthread_create exist failed with the following output:
Change Dir: /home/echo/Desktop/feiyu/Coding/feiyuxiaothu/ROS_beginner/workspace/mcts/build/CMakeFiles/CMakeTmp

Run Build Command:"/usr/bin/make" "cmTC_01063/fast"
/usr/bin/make -f CMakeFiles/cmTC_01063.dir/build.make CMakeFiles/cmTC_01063.dir/build
make[1]: Entering directory '/home/echo/Desktop/feiyu/Coding/feiyuxiaothu/ROS_beginner/workspace/mcts/build/CMakeFiles/CMakeTmp'
Building C object CMakeFiles/cmTC_01063.dir/CheckSymbolExists.c.o
/usr/bin/cc    -o CMakeFiles/cmTC_01063.dir/CheckSymbolExists.c.o   -c /home/echo/Desktop/feiyu/Coding/feiyuxiaothu/ROS_beginner/workspace/mcts/build/CMakeFiles/CMakeTmp/CheckSymbolExists.c
Linking C executable cmTC_01063
/usr/bin/cmake -E cmake_link_script CMakeFiles/cmTC_01063.dir/link.txt --verbose=1
/usr/bin/cc      -rdynamic CMakeFiles/cmTC_01063.dir/CheckSymbolExists.c.o  -o cmTC_01063 
CMakeFiles/cmTC_01063.dir/CheckSymbolExists.c.o: In function `main':
CheckSymbolExists.c:(.text+0x1b): undefined reference to `pthread_create'
collect2: error: ld returned 1 exit status
CMakeFiles/cmTC_01063.dir/build.make:97: recipe for target 'cmTC_01063' failed
make[1]: *** [cmTC_01063] Error 1
make[1]: Leaving directory '/home/echo/Desktop/feiyu/Coding/feiyuxiaothu/ROS_beginner/workspace/mcts/build/CMakeFiles/CMakeTmp'
Makefile:126: recipe for target 'cmTC_01063/fast' failed
make: *** [cmTC_01063/fast] Error 2

File /home/echo/Desktop/feiyu/Coding/feiyuxiaothu/ROS_beginner/workspace/mcts/build/CMakeFiles/CMakeTmp/CheckSymbolExists.c:
/* */
#include <pthread.h>

int main(int argc, char** argv)
{
  (void)argv;
#ifndef pthread_create
  return ((int*)(&pthread_create))[argc];
#else
  (void)argc;
  return 0;
#endif
}

Determining if the function pthread_create exists in the pthreads failed with the following output:
Change Dir: /home/echo/Desktop/feiyu/Coding/feiyuxiaothu/ROS_beginner/workspace/mcts/build/CMakeFiles/CMakeTmp

Run Build Command:"/usr/bin/make" "cmTC_7cc2e/fast"
/usr/bin/make -f CMakeFiles/cmTC_7cc2e.dir/build.make CMakeFiles/cmTC_7cc2e.dir/build
make[1]: Entering directory '/home/echo/Desktop/feiyu/Coding/feiyuxiaothu/ROS_beginner/workspace/mcts/build/CMakeFiles/CMakeTmp'
Building C object CMakeFiles/cmTC_7cc2e.dir/CheckFunctionExists.c.o
/usr/bin/cc   -DCHECK_FUNCTION_EXISTS=pthread_create   -o CMakeFiles/cmTC_7cc2e.dir/CheckFunctionExists.c.o   -c /usr/share/cmake-3.10/Modules/CheckFunctionExists.c
Linking C executable cmTC_7cc2e
/usr/bin/cmake -E cmake_link_script CMakeFiles/cmTC_7cc2e.dir/link.txt --verbose=1
/usr/bin/cc  -DCHECK_FUNCTION_EXISTS=pthread_create    -rdynamic CMakeFiles/cmTC_7cc2e.dir/CheckFunctionExists.c.o  -o cmTC_7cc2e -lpthreads 
/usr/bin/ld: cannot find -lpthreads
collect2: error: ld returned 1 exit status
CMakeFiles/cmTC_7cc2e.dir/build.make:97: recipe for target 'cmTC_7cc2e' failed
make[1]: *** [cmTC_7cc2e] Error 1
make[1]: Leaving directory '/home/echo/Desktop/feiyu/Coding/feiyuxiaothu/ROS_beginner/workspace/mcts/build/CMakeFiles/CMakeTmp'
Makefile:126: recipe for target 'cmTC_7cc2e/fast' failed
make: *** [cmTC_7cc2e/fast] Error 2


